0 info it worked if it ends with ok
1 verbose cli [ '/home/ivoneimarques/.nvm/versions/node/v6.5.0/bin/node',
1 verbose cli   '/home/ivoneimarques/.nvm/versions/node/v6.5.0/bin/npm',
1 verbose cli   'run',
1 verbose cli   'build' ]
2 info using npm@3.10.3
3 info using node@v6.5.0
4 verbose run-script [ 'prebuild', 'build', 'postbuild' ]
5 info lifecycle zallpy-client@1.0.0~prebuild: zallpy-client@1.0.0
6 verbose lifecycle zallpy-client@1.0.0~prebuild: unsafe-perm in lifecycle true
7 verbose lifecycle zallpy-client@1.0.0~prebuild: PATH: /home/ivoneimarques/.nvm/versions/node/v6.5.0/lib/node_modules/npm/bin/node-gyp-bin:/home/ivoneimarques/projects/heroku/zallpy-client/node_modules/.bin:/home/ivoneimarques/.nvm/versions/node/v6.5.0/bin:/usr/local/heroku/bin:/home/ivoneimarques/.nvm/versions/node/v6.5.0/bin:/home/ivoneimarques/.rvm/gems/ruby-2.3.1/bin:/home/ivoneimarques/.rvm/gems/ruby-2.3.1@global/bin:/home/ivoneimarques/.rvm/rubies/ruby-2.3.1/bin:/home/ivoneimarques/bin:/usr/local/sbin:/usr/local/bin:/usr/sbin:/usr/bin:/sbin:/bin:/usr/games:/usr/local/games:/usr/lib/jvm/java-8-oracle/bin:/usr/lib/jvm/java-8-oracle/db/bin:/usr/lib/jvm/java-8-oracle/jre/bin:/home/ivoneimarques/.rvm/bin:/home/ivoneimarques/.rvm/bin
8 verbose lifecycle zallpy-client@1.0.0~prebuild: CWD: /home/ivoneimarques/projects/heroku/zallpy-client
9 silly lifecycle zallpy-client@1.0.0~prebuild: Args: [ '-c', 'npm-run-all clean-public lint build:html' ]
10 silly lifecycle zallpy-client@1.0.0~prebuild: Returned: code: 1  signal: null
11 info lifecycle zallpy-client@1.0.0~prebuild: Failed to exec prebuild script
12 verbose stack Error: zallpy-client@1.0.0 prebuild: `npm-run-all clean-public lint build:html`
12 verbose stack Exit status 1
12 verbose stack     at EventEmitter.<anonymous> (/home/ivoneimarques/.nvm/versions/node/v6.5.0/lib/node_modules/npm/lib/utils/lifecycle.js:242:16)
12 verbose stack     at emitTwo (events.js:106:13)
12 verbose stack     at EventEmitter.emit (events.js:191:7)
12 verbose stack     at ChildProcess.<anonymous> (/home/ivoneimarques/.nvm/versions/node/v6.5.0/lib/node_modules/npm/lib/utils/spawn.js:40:14)
12 verbose stack     at emitTwo (events.js:106:13)
12 verbose stack     at ChildProcess.emit (events.js:191:7)
12 verbose stack     at maybeClose (internal/child_process.js:877:16)
12 verbose stack     at Process.ChildProcess._handle.onexit (internal/child_process.js:226:5)
13 verbose pkgid zallpy-client@1.0.0
14 verbose cwd /home/ivoneimarques/projects/heroku/zallpy-client
15 error Linux 4.4.0-59-generic
16 error argv "/home/ivoneimarques/.nvm/versions/node/v6.5.0/bin/node" "/home/ivoneimarques/.nvm/versions/node/v6.5.0/bin/npm" "run" "build"
17 error node v6.5.0
18 error npm  v3.10.3
19 error code ELIFECYCLE
20 error zallpy-client@1.0.0 prebuild: `npm-run-all clean-public lint build:html`
20 error Exit status 1
21 error Failed at the zallpy-client@1.0.0 prebuild script 'npm-run-all clean-public lint build:html'.
21 error Make sure you have the latest version of node.js and npm installed.
21 error If you do, this is most likely a problem with the zallpy-client package,
21 error not with npm itself.
21 error Tell the author that this fails on your system:
21 error     npm-run-all clean-public lint build:html
21 error You can get information on how to open an issue for this project with:
21 error     npm bugs zallpy-client
21 error Or if that isn't available, you can get their info via:
21 error     npm owner ls zallpy-client
21 error There is likely additional logging output above.
22 verbose exit [ 1, true ]
